 nr.     times     cpu time      cpu    wall clock      wc  level                     routine name
        called    in seconds      %     in seconds       %    2    3    4    5    6
    1          1  0.671875D+00  100.00  0.480000D+00  100.00                          delwaq2                                 
    2          2  0.000000D+00    0.00  0.000000D+00         0.00                     getcom                                  
    3          1  0.000000D+00    0.00  0.500011D-02         1.04                     unlock                                  
    4          1  0.156250D-01    2.33  0.400000D-01         8.33                     dlwqi0                                  
    5          2  0.000000D+00    0.00  0.000000D+00              0.00                getcom                                  
    6          1  0.000000D+00    0.00  0.000000D+00              0.00                dlwqi2                                  
    7          1  0.000000D+00    0.00  0.000000D+00              0.00                dlwqiv                                  
    8          1  0.000000D+00    0.00  0.000000D+00              0.00                dlwqio                                  
    9          1  0.000000D+00    0.00  0.000000D+00              0.00                partit                                  
   10          1  0.000000D+00    0.00  0.000000D+00              0.00                ixsets                                  
   11          1  0.000000D+00    0.00  0.000000D+00              0.00                chknmr                                  
   12          1  0.156250D-01    2.33  0.200000D-01              4.17                dlwqt0                                  
   13         10  0.156250D-01    2.33  0.150001D-01                   3.13           dlwqt1                                  
   14          2  0.000000D+00    0.00  0.000000D+00                        0.00      dlwqt3                                  
   15          2  0.156250D-01    2.33  0.999999D-02                        2.08      dlwqt4                                  
   16          2  0.000000D+00    0.00  0.000000D+00                        0.00      dlwqt2                                  
   17          2  0.000000D+00    0.00  0.000000D+00                        0.00      dlwqib                                  
   18          2  0.000000D+00    0.00  0.000000D+00                        0.00      dlwqtb                                  
   19          1  0.000000D+00    0.00  0.499988D-02                   1.04           dlwqta                                  
   20          3  0.000000D+00    0.00  0.000000D+00                        0.00      dlwqdataevaluate                        
   21          1  0.000000D+00    0.00  0.000000D+00                   0.00           dlwqtk                                  
   22          1  0.000000D+00    0.00  0.000000D+00              0.00                delpar00                                
   23          3  0.000000D+00    0.00  0.000000D+00              0.00                zoek                                    
   24          1  0.000000D+00    0.00  0.000000D+00         0.00                     dlwqf5                                  
   25          5  0.000000D+00    0.00  0.000000D+00              0.00                zoek                                    
   26          1  0.640625D+00   95.35  0.425000D+00        88.54                     dlwqnf                                  
   27        731  0.000000D+00    0.00  0.000000D+00              0.00                hsurf                                   
   28          1  0.000000D+00    0.00  0.000000D+00                   0.00           zoek                                    
   29        731  0.000000D+00    0.00  0.000000D+00              0.00                dryfld                                  
   30       2193  0.000000D+00    0.00  0.000000D+00                   0.00           zoek                                    
   31        731  0.000000D+00    0.00  0.000000D+00              0.00                dlwq_mt3d                               
   32          1  0.000000D+00    0.00  0.000000D+00                   0.00           getcom                                  
   33        731  0.000000D+00    0.00  0.499988D-02              1.04                zoek                                    
   34        731  0.312500D-01    4.65  0.999975D-02              2.08                setset                                  
   35        731  0.000000D+00    0.00  0.000000D+00              0.00                proces                                  
   36          1  0.000000D+00    0.00  0.000000D+00              0.00                getcom                                  
   37        731  0.000000D+00    0.00  0.000000D+00              0.00                dlwq_boundio                            
   38          2  0.000000D+00    0.00  0.000000D+00                   0.00           getcom                                  
   39        731  0.000000D+00    0.00  0.000000D+00              0.00                dlwq17                                  
   40          1  0.000000D+00    0.00  0.000000D+00                   0.00           getcom                                  
   41        731  0.203125D+00   30.23  0.245001D+00             51.04                dlwqo2                                  
   42          1  0.000000D+00    0.00  0.000000D+00                   0.00           getcom                                  
   43       8772  0.312500D-01    4.65  0.200002D-01                   4.17           stepyn                                  
   44        105  0.000000D+00    0.00  0.000000D+00                   0.00           baldmp                                  
   45       1683  0.000000D+00    0.00  0.000000D+00                   0.00           actloc                                  
   46       1568  0.000000D+00    0.00  0.000000D+00                   0.00           fiosub                                  
   47        105  0.109375D+00   16.28  0.140001D+00                  29.17           outmo3                                  
   48        735  0.937500D-01   13.95  0.750008D-01                       15.63      outmo2                                  
   49         10  0.000000D+00    0.00  0.000000D+00                   0.00           fioutv                                  
   50        731  0.000000D+00    0.00  0.500011D-02                   1.04           outhis                                  
   51        105  0.000000D+00    0.00  0.000000D+00                   0.00           values                                  
   52        210  0.000000D+00    0.00  0.000000D+00                        0.00      zoek                                    
   53        105  0.625000D-01    9.30  0.700002D-01                  14.58           sobbal                                  
   54          1  0.000000D+00    0.00  0.000000D+00                        0.00      getcom                                  
   55          1  0.000000D+00    0.00  0.000000D+00                        0.00      consum                                  
   56          4  0.000000D+00    0.00  0.000000D+00                             0.00 zoek                                    
   57        105  0.000000D+00    0.00  0.999975D-02                        2.08      outhis                                  
   58      13531  0.000000D+00    0.00  0.250001D-01                        5.21      updbal                                  
   82          3  0.312500D-01    4.65  0.150001D-01                        3.13      outbai                                  
   83          1  0.000000D+00    0.00  0.000000D+00                        0.00      dmpsurf                                 
   84          1  0.000000D+00    0.00  0.000000D+00                        0.00      dmpval                                  
   59        105  0.000000D+00    0.00  0.000000D+00              0.00                zercum                                  
   60        730  0.000000D+00    0.00  0.000000D+00              0.00                dlwq18                                  
   61        730  0.000000D+00    0.00  0.000000D+00              0.00                dlwq14                                  
   62        730  0.312500D-01    4.65  0.500011D-02              1.04                dlwq41                                  
   63        730  0.312500D-01    4.65  0.500011D-02                   1.04           dlwqt1                                  
   64        730  0.000000D+00    0.00  0.000000D+00                        0.00      dlwqt3                                  
   65        730  0.000000D+00    0.00  0.500011D-02                        1.04      dlwqt4                                  
   85          1  0.000000D+00    0.00  0.000000D+00                             0.00 messag                                  
   66        730  0.000000D+00    0.00  0.000000D+00              0.00                dryfle                                  
   67       1460  0.000000D+00    0.00  0.000000D+00                   0.00           zoek                                    
   68        730  0.000000D+00    0.00  0.000000D+00              0.00                dlwqf1                                  
   69        730  0.156250D-01    2.33  0.200000D-01              4.17                dlwq15                                  
   70        730  0.156250D-01    2.33  0.150001D-01                   3.13           wascal                                  
   71        730  0.156250D-01    2.33  0.500011D-02              1.04                dlwqm7                                  
   72        730  0.250000D+00   37.21  0.849988D-01             17.71                ADE solver                              
   73        730  0.000000D+00    0.00  0.500011D-02              1.04                dlwqb4                                  
   74        730  0.000000D+00    0.00  0.000000D+00              0.00                proint                                  
   75        730  0.312500D-01    4.65  0.149999D-01              3.12                dlwqt0                                  
   76       2190  0.000000D+00    0.00  0.499988D-02                   1.04           dlwqt1                                  
   77        730  0.000000D+00    0.00  0.000000D+00                        0.00      dlwqt3                                  
   78        730  0.000000D+00    0.00  0.000000D+00                        0.00      dlwqt4                                  
   86          1  0.000000D+00    0.00  0.000000D+00                             0.00 messag                                  
   79       1460  0.000000D+00    0.00  0.000000D+00                        0.00      dlwqtb                                  
   80        730  0.000000D+00    0.00  0.000000D+00                   0.00           dlwqta                                  
   81        730  0.000000D+00    0.00  0.000000D+00                   0.00           dlwqtk                                  
   87          1  0.312500D-01    4.65  0.499988D-02              1.04                dlwq13                                  
