
  ==> REAL arrays in 4-byte words <==
  nr array name            array size

   1 VOLUME                        10
   2 AREA                          38
   3 FLOW                          38
   4 LENG                          76
   5 DISP                           3
   6 CONC                          20
   7 MASS                          78
   8 DERIV                         20
   9 BOUND                         58
  10 BSET                          58
  11 BSAVE                         58
  12 WASTE                         32
  13 CONS                           2
  14 PARAM                         10
  15 FUNC                           0
  16 SFUNC                          0
  17 DISPNW                         0
  18 DISPER                         0
  19 VELONW                         0
  20 VELO                           0
  21 HARMAT                         0
  22 FARR                          96
  23 MASS2                         10
  24 TIMER                         47
  25 VOL2                          39
  26                                0
  27                                0
  28                                0
  29                                0
  30                                0
  31                                0
  32 ASMASS                       132
  33 LOCAL                         10
  34 DEFAUL                         6
  35 FLUX                           0
  36 STOCHI                         0
  37 FLXDMP                         0
  38 FLXINT                         0
  39 RIOBUF                        22
  40 DISPX                          0
  41 VELX                           0
  42 VLOCX                          0
  43 DSTO                           0
  44 VSTO                           0
  45 DMPQ                         152
  46 DMPS                          60
  47 TRRAAI                         0
  48 INWRSP                      5865
  49 VOLUML                        10
  50                                0
  51                                0
  52                                0
  53                                0
  54                                0
  55                                0
  56                                0
  57                                0
  58                                0
  59                                0
  60                                0
  61                                0
  62                                0
  63                                0
  64                                0
  65                                0
  66                                0
  67                                0
  68                                0
  69                                0
  70                                0
  71                                0
  72                                0
  73                                0
  74                                0
  75                                0
  76                                0
  77                                0
  78 WSTDMP                        32
  79 surface                       10
  80 wdrawal                       10
  81 mixlen                        38
  82 gm_rhs                       156
  83 gm_sol                       156
  84 gm_work                     6708
  85 gm_hess                     6240
  86 gm_amat                      188
  87 gm_diag                      156
  88 gm_diac                      156
  89 gm_trid                       24
  90 flowtot                       76
  91 disptot                       76

     Total (4 byte words)       20976

  ==> INTEGER arrays 4-byte words <==
  nr array name            array size

   1 ARRPOI                       178
   2 ARRTYP                       178
   3 ARRBYT                       178
   4 ARRLEN                       178
   5 ARRKND                       178
   6 ARRDM1                       178
   7 ARRDM2                       178
   8 ARRDM3                       178
   9 IXPOIN                       152
  10 IIDUMP                         0
  11 IBPNT                        116
  12 IWAST                          8
  13 IDPNEW                         2
  14 IDPNT                          2
  15 IVPNEW                         2
  16 IVPNT                          2
  17 IHARM                          0
  18 NRHARM                        11
  19 NRFTOT                        11
  20 IPOINT                        54
  21 IP                             8
  22 LGRID                          0
  23 NSVAR                          0
  24 IFLUX                          0
  25 IPMSA                          0
  26 IPSSA                          0
  27 IMODU                          0
  28 IOUTPS                        63
  29 IOPOIN                         0
  30 IKNMRK                        10
  31 IKTIM                          0
  32 IQDMP                         38
  33 ISDMP                         10
  34 IPDMP                        118
  35 IORAAI                         0
  36 NQRAAI                         0
  37 IQRAAI                         0
  38 INWISP                      3091
  39 INTYPE                        37
  40 IWORK                         58
  41 ITRACE                        39
  42 IMATRX                        47
  43 IWRK                          39
  44 ISYSN                         72
  45 ISYSI                         21
  46                                0
  47                                0
  48                                0
  49                                0
  50                                0
  51                                0
  52 PROGRD                         0
  53 PRONDT                         0
  54 PRVVAR                         0
  55 PRVTYP                         0
  56 VARARR                        21
  57 VARIDX                        21
  58 VARTDA                        21
  59 VARDAG                        21
  60 VARTAG                        21
  61 VARAGG                        21
  62 VGRSET                        21
  63 GRDNOS                         1
  64 GRDREF                         1
  65 GRDSEG                        10
  66 OWNERS                        10
  67 OWNERQ                        38
  68 PROREF                         0
  69 PROPNT                         0
  70 PRODON                         0
  71 DMPBAL                        11
  72 iknmkv                        10
  73 iwstkind                       8
  74 rowpnt                        40
  75 fmat                          38
  76 tmat                          38
  77 iexseg                        78
  78 isegcol                       10

     Total (4 byte words)        5875

  => CHARACTER arrays 4-byte words <=
  nr array name            array size

   1                                0
   2 MNAME                         40
   3 SNAME                         10
   4 DNAME                          0
   5 BNDID                        145
   6 BNAME                        290
   7 BNTYP                         30
   8 WASTID                        40
   9 WNAME                         80
  10 WTYPE                         40
  11 CONAM                         10
  12 PANAM                          5
  13 FUNAM                          0
  14 SFNAM                          0
  15 CGRID                          0
  16 PRNAM                          0
  17 OUNAM                          0
  18 DINAM                          0
  19 VENAM                          0
  20 DANAM                         55
  21 RANAM                          0
  22 CBUFF                         10
  23 LUNT                           0
  24 OUSNM                          0
  25 OUUNI                          0
  26 OUDSC                          0
  27 OSSNM                         50
  28 OSUNI                         20
  29 OSDSC                         30

     Total (4 byte words)         855
